2017-07-19 15:13:49 Error: [Cake\Routing\Exception\MissingControllerException] Controller class Ite_items could not be found.
Exception Attributes: array (
  'class' => 'Ite_items',
  'plugin' => false,
  'prefix' => false,
  '_ext' => false,
)
Request URL: /ite_items
Stack Trace:
#0 C:\xampp\htdocs\patri\vendor\cakephp\cakephp\src\Http\ControllerFactory.php(70): Cake\Http\ControllerFactory->missingController(Object(Cake\Http\ServerRequest))
#1 C:\xampp\htdocs\patri\vendor\cakephp\cakephp\src\Http\ActionDispatcher.php(90): Cake\Http\ControllerFactory->create(Object(Cake\Http\ServerRequest), Object(Cake\Http\Response))
#2 C:\xampp\htdocs\patri\vendor\cakephp\cakephp\src\Http\BaseApplication.php(78): Cake\Http\ActionDispatcher->dispatch(Object(Cake\Http\ServerRequest), Object(Cake\Http\Response))
#3 C:\xampp\htdocs\patri\vendor\cakephp\cakephp\src\Http\Runner.php(65): Cake\Http\BaseApplication->__invoke(Object(Cake\Http\ServerRequest), Object(Cake\Http\Response), Object(Cake\Http\Runner))
#4 C:\xampp\htdocs\patri\vendor\cakephp\cakephp\src\Routing\Middleware\RoutingMiddleware.php(59): Cake\Http\Runner->__invoke(Object(Cake\Http\ServerRequest), Object(Cake\Http\Response))
#5 C:\xampp\htdocs\patri\vendor\cakephp\cakephp\src\Http\Runner.php(65): Cake\Routing\Middleware\RoutingMiddleware->__invoke(Object(Cake\Http\ServerRequest), Object(Cake\Http\Response), Object(Cake\Http\Runner))
#6 C:\xampp\htdocs\patri\vendor\cakephp\cakephp\src\Routing\Middleware\AssetMiddleware.php(88): Cake\Http\Runner->__invoke(Object(Cake\Http\ServerRequest), Object(Cake\Http\Response))
#7 C:\xampp\htdocs\patri\vendor\cakephp\cakephp\src\Http\Runner.php(65): Cake\Routing\Middleware\AssetMiddleware->__invoke(Object(Cake\Http\ServerRequest), Object(Cake\Http\Response), Object(Cake\Http\Runner))
#8 C:\xampp\htdocs\patri\vendor\cakephp\cakephp\src\Error\Middleware\ErrorHandlerMiddleware.php(92): Cake\Http\Runner->__invoke(Object(Cake\Http\ServerRequest), Object(Cake\Http\Response))
#9 C:\xampp\htdocs\patri\vendor\cakephp\cakephp\src\Http\Runner.php(65): Cake\Error\Middleware\ErrorHandlerMiddleware->__invoke(Object(Cake\Http\ServerRequest), Object(Cake\Http\Response), Object(Cake\Http\Runner))
#10 C:\xampp\htdocs\patri\vendor\cakephp\debug_kit\src\Middleware\DebugKitMiddleware.php(52): Cake\Http\Runner->__invoke(Object(Cake\Http\ServerRequest), Object(Cake\Http\Response))
#11 C:\xampp\htdocs\patri\vendor\cakephp\cakephp\src\Http\Runner.php(65): DebugKit\Middleware\DebugKitMiddleware->__invoke(Object(Cake\Http\ServerRequest), Object(Cake\Http\Response), Object(Cake\Http\Runner))
#12 C:\xampp\htdocs\patri\vendor\cakephp\cakephp\src\Http\Runner.php(51): Cake\Http\Runner->__invoke(Object(Cake\Http\ServerRequest), Object(Cake\Http\Response))
#13 C:\xampp\htdocs\patri\vendor\cakephp\cakephp\src\Http\Server.php(80): Cake\Http\Runner->run(Object(Cake\Http\MiddlewareQueue), Object(Cake\Http\ServerRequest), Object(Cake\Http\Response))
#14 C:\xampp\htdocs\patri\webroot\index.php(37): Cake\Http\Server->run()
#15 {main}


2017-07-19 15:13:56 Error: [Cake\Database\Exception] SQLSTATE[42S02]: Base table or view not found: 1146 Table 'symfony.files' doesn't exist
Request URL: /iteItems
Stack Trace:
#0 C:\xampp\htdocs\patri\vendor\cakephp\cakephp\src\Database\Schema\Collection.php(97): Cake\Database\Schema\Collection->_reflect('Column', 'files', Array, Object(Cake\Database\Schema\TableSchema))
#1 C:\xampp\htdocs\patri\vendor\cakephp\cakephp\src\Database\Schema\CachedCollection.php(63): Cake\Database\Schema\Collection->describe('files', Array)
#2 C:\xampp\htdocs\patri\vendor\cakephp\cakephp\src\ORM\Table.php(531): Cake\Database\Schema\CachedCollection->describe('files')
#3 C:\xampp\htdocs\patri\vendor\cakephp\cakephp\src\ORM\Table.php(652): Cake\ORM\Table->getSchema()
#4 C:\xampp\htdocs\patri\vendor\cakephp\cakephp\src\ORM\Query.php(414): Cake\ORM\Table->getPrimaryKey()
#5 C:\xampp\htdocs\patri\vendor\cakephp\cakephp\src\ORM\Query.php(391): Cake\ORM\Query->_addAssociationsToTypeMap(Object(App\Model\Table\IteItemsTable), Object(Cake\Database\TypeMap), Array)
#6 C:\xampp\htdocs\patri\vendor\cakephp\cakephp\src\ORM\Query.php(730): Cake\ORM\Query->contain(Array)
#7 C:\xampp\htdocs\patri\vendor\cakephp\cakephp\src\ORM\Table.php(2193): Cake\ORM\Query->applyOptions(Array)
#8 C:\xampp\htdocs\patri\vendor\cakephp\cakephp\src\ORM\Table.php(1174): Cake\ORM\Table->callFinder('all', Object(Cake\ORM\Query), Array)
#9 C:\xampp\htdocs\patri\vendor\cakephp\cakephp\src\Controller\Component\PaginatorComponent.php(185): Cake\ORM\Table->find('all', Array)
#10 C:\xampp\htdocs\patri\vendor\cakephp\cakephp\src\Controller\Controller.php(717): Cake\Controller\Component\PaginatorComponent->paginate(Object(App\Model\Table\IteItemsTable), Array)
#11 C:\xampp\htdocs\patri\src\Controller\IteItemsController.php(26): Cake\Controller\Controller->paginate(Object(App\Model\Table\IteItemsTable))
#12 C:\xampp\htdocs\patri\vendor\cakephp\cakephp\src\Controller\Controller.php(440): App\Controller\IteItemsController->index()
#13 C:\xampp\htdocs\patri\vendor\cakephp\cakephp\src\Http\ActionDispatcher.php(119): Cake\Controller\Controller->invokeAction()
#14 C:\xampp\htdocs\patri\vendor\cakephp\cakephp\src\Http\ActionDispatcher.php(93): Cake\Http\ActionDispatcher->_invoke(Object(App\Controller\IteItemsController))
#15 C:\xampp\htdocs\patri\vendor\cakephp\cakephp\src\Http\BaseApplication.php(78): Cake\Http\ActionDispatcher->dispatch(Object(Cake\Http\ServerRequest), Object(Cake\Http\Response))
#16 C:\xampp\htdocs\patri\vendor\cakephp\cakephp\src\Http\Runner.php(65): Cake\Http\BaseApplication->__invoke(Object(Cake\Http\ServerRequest), Object(Cake\Http\Response), Object(Cake\Http\Runner))
#17 C:\xampp\htdocs\patri\vendor\cakephp\cakephp\src\Routing\Middleware\RoutingMiddleware.php(59): Cake\Http\Runner->__invoke(Object(Cake\Http\ServerRequest), Object(Cake\Http\Response))
#18 C:\xampp\htdocs\patri\vendor\cakephp\cakephp\src\Http\Runner.php(65): Cake\Routing\Middleware\RoutingMiddleware->__invoke(Object(Cake\Http\ServerRequest), Object(Cake\Http\Response), Object(Cake\Http\Runner))
#19 C:\xampp\htdocs\patri\vendor\cakephp\cakephp\src\Routing\Middleware\AssetMiddleware.php(88): Cake\Http\Runner->__invoke(Object(Cake\Http\ServerRequest), Object(Cake\Http\Response))
#20 C:\xampp\htdocs\patri\vendor\cakephp\cakephp\src\Http\Runner.php(65): Cake\Routing\Middleware\AssetMiddleware->__invoke(Object(Cake\Http\ServerRequest), Object(Cake\Http\Response), Object(Cake\Http\Runner))
#21 C:\xampp\htdocs\patri\vendor\cakephp\cakephp\src\Error\Middleware\ErrorHandlerMiddleware.php(92): Cake\Http\Runner->__invoke(Object(Cake\Http\ServerRequest), Object(Cake\Http\Response))
#22 C:\xampp\htdocs\patri\vendor\cakephp\cakephp\src\Http\Runner.php(65): Cake\Error\Middleware\ErrorHandlerMiddleware->__invoke(Object(Cake\Http\ServerRequest), Object(Cake\Http\Response), Object(Cake\Http\Runner))
#23 C:\xampp\htdocs\patri\vendor\cakephp\debug_kit\src\Middleware\DebugKitMiddleware.php(52): Cake\Http\Runner->__invoke(Object(Cake\Http\ServerRequest), Object(Cake\Http\Response))
#24 C:\xampp\htdocs\patri\vendor\cakephp\cakephp\src\Http\Runner.php(65): DebugKit\Middleware\DebugKitMiddleware->__invoke(Object(Cake\Http\ServerRequest), Object(Cake\Http\Response), Object(Cake\Http\Runner))
#25 C:\xampp\htdocs\patri\vendor\cakephp\cakephp\src\Http\Runner.php(51): Cake\Http\Runner->__invoke(Object(Cake\Http\ServerRequest), Object(Cake\Http\Response))
#26 C:\xampp\htdocs\patri\vendor\cakephp\cakephp\src\Http\Server.php(80): Cake\Http\Runner->run(Object(Cake\Http\MiddlewareQueue), Object(Cake\Http\ServerRequest), Object(Cake\Http\Response))
#27 C:\xampp\htdocs\patri\webroot\index.php(37): Cake\Http\Server->run()
#28 {main}


2017-07-19 15:14:45 Error: [Cake\Routing\Exception\MissingControllerException] Controller class Ite_Items could not be found.
Exception Attributes: array (
  'class' => 'Ite_Items',
  'plugin' => false,
  'prefix' => false,
  '_ext' => false,
)
Request URL: /ite_Items
Stack Trace:
#0 C:\xampp\htdocs\patri\vendor\cakephp\cakephp\src\Http\ControllerFactory.php(70): Cake\Http\ControllerFactory->missingController(Object(Cake\Http\ServerRequest))
#1 C:\xampp\htdocs\patri\vendor\cakephp\cakephp\src\Http\ActionDispatcher.php(90): Cake\Http\ControllerFactory->create(Object(Cake\Http\ServerRequest), Object(Cake\Http\Response))
#2 C:\xampp\htdocs\patri\vendor\cakephp\cakephp\src\Http\BaseApplication.php(78): Cake\Http\ActionDispatcher->dispatch(Object(Cake\Http\ServerRequest), Object(Cake\Http\Response))
#3 C:\xampp\htdocs\patri\vendor\cakephp\cakephp\src\Http\Runner.php(65): Cake\Http\BaseApplication->__invoke(Object(Cake\Http\ServerRequest), Object(Cake\Http\Response), Object(Cake\Http\Runner))
#4 C:\xampp\htdocs\patri\vendor\cakephp\cakephp\src\Routing\Middleware\RoutingMiddleware.php(59): Cake\Http\Runner->__invoke(Object(Cake\Http\ServerRequest), Object(Cake\Http\Response))
#5 C:\xampp\htdocs\patri\vendor\cakephp\cakephp\src\Http\Runner.php(65): Cake\Routing\Middleware\RoutingMiddleware->__invoke(Object(Cake\Http\ServerRequest), Object(Cake\Http\Response), Object(Cake\Http\Runner))
#6 C:\xampp\htdocs\patri\vendor\cakephp\cakephp\src\Routing\Middleware\AssetMiddleware.php(88): Cake\Http\Runner->__invoke(Object(Cake\Http\ServerRequest), Object(Cake\Http\Response))
#7 C:\xampp\htdocs\patri\vendor\cakephp\cakephp\src\Http\Runner.php(65): Cake\Routing\Middleware\AssetMiddleware->__invoke(Object(Cake\Http\ServerRequest), Object(Cake\Http\Response), Object(Cake\Http\Runner))
#8 C:\xampp\htdocs\patri\vendor\cakephp\cakephp\src\Error\Middleware\ErrorHandlerMiddleware.php(92): Cake\Http\Runner->__invoke(Object(Cake\Http\ServerRequest), Object(Cake\Http\Response))
#9 C:\xampp\htdocs\patri\vendor\cakephp\cakephp\src\Http\Runner.php(65): Cake\Error\Middleware\ErrorHandlerMiddleware->__invoke(Object(Cake\Http\ServerRequest), Object(Cake\Http\Response), Object(Cake\Http\Runner))
#10 C:\xampp\htdocs\patri\vendor\cakephp\debug_kit\src\Middleware\DebugKitMiddleware.php(52): Cake\Http\Runner->__invoke(Object(Cake\Http\ServerRequest), Object(Cake\Http\Response))
#11 C:\xampp\htdocs\patri\vendor\cakephp\cakephp\src\Http\Runner.php(65): DebugKit\Middleware\DebugKitMiddleware->__invoke(Object(Cake\Http\ServerRequest), Object(Cake\Http\Response), Object(Cake\Http\Runner))
#12 C:\xampp\htdocs\patri\vendor\cakephp\cakephp\src\Http\Runner.php(51): Cake\Http\Runner->__invoke(Object(Cake\Http\ServerRequest), Object(Cake\Http\Response))
#13 C:\xampp\htdocs\patri\vendor\cakephp\cakephp\src\Http\Server.php(80): Cake\Http\Runner->run(Object(Cake\Http\MiddlewareQueue), Object(Cake\Http\ServerRequest), Object(Cake\Http\Response))
#14 C:\xampp\htdocs\patri\webroot\index.php(37): Cake\Http\Server->run()
#15 {main}


2017-07-19 15:16:36 Error: [Cake\Database\Exception] SQLSTATE[42S02]: Base table or view not found: 1146 Table 'symfony.files' doesn't exist
Request URL: /iteItems
Stack Trace:
#0 C:\xampp\htdocs\patri\vendor\cakephp\cakephp\src\Database\Schema\Collection.php(97): Cake\Database\Schema\Collection->_reflect('Column', 'files', Array, Object(Cake\Database\Schema\TableSchema))
#1 C:\xampp\htdocs\patri\vendor\cakephp\cakephp\src\Database\Schema\CachedCollection.php(63): Cake\Database\Schema\Collection->describe('files', Array)
#2 C:\xampp\htdocs\patri\vendor\cakephp\cakephp\src\ORM\Table.php(531): Cake\Database\Schema\CachedCollection->describe('files')
#3 C:\xampp\htdocs\patri\vendor\cakephp\cakephp\src\ORM\Table.php(652): Cake\ORM\Table->getSchema()
#4 C:\xampp\htdocs\patri\vendor\cakephp\cakephp\src\ORM\Query.php(414): Cake\ORM\Table->getPrimaryKey()
#5 C:\xampp\htdocs\patri\vendor\cakephp\cakephp\src\ORM\Query.php(391): Cake\ORM\Query->_addAssociationsToTypeMap(Object(App\Model\Table\IteItemsTable), Object(Cake\Database\TypeMap), Array)
#6 C:\xampp\htdocs\patri\vendor\cakephp\cakephp\src\ORM\Query.php(730): Cake\ORM\Query->contain(Array)
#7 C:\xampp\htdocs\patri\vendor\cakephp\cakephp\src\ORM\Table.php(2193): Cake\ORM\Query->applyOptions(Array)
#8 C:\xampp\htdocs\patri\vendor\cakephp\cakephp\src\ORM\Table.php(1174): Cake\ORM\Table->callFinder('all', Object(Cake\ORM\Query), Array)
#9 C:\xampp\htdocs\patri\vendor\cakephp\cakephp\src\Controller\Component\PaginatorComponent.php(185): Cake\ORM\Table->find('all', Array)
#10 C:\xampp\htdocs\patri\vendor\cakephp\cakephp\src\Controller\Controller.php(717): Cake\Controller\Component\PaginatorComponent->paginate(Object(App\Model\Table\IteItemsTable), Array)
#11 C:\xampp\htdocs\patri\src\Controller\IteItemsController.php(26): Cake\Controller\Controller->paginate(Object(App\Model\Table\IteItemsTable))
#12 C:\xampp\htdocs\patri\vendor\cakephp\cakephp\src\Controller\Controller.php(440): App\Controller\IteItemsController->index()
#13 C:\xampp\htdocs\patri\vendor\cakephp\cakephp\src\Http\ActionDispatcher.php(119): Cake\Controller\Controller->invokeAction()
#14 C:\xampp\htdocs\patri\vendor\cakephp\cakephp\src\Http\ActionDispatcher.php(93): Cake\Http\ActionDispatcher->_invoke(Object(App\Controller\IteItemsController))
#15 C:\xampp\htdocs\patri\vendor\cakephp\cakephp\src\Http\BaseApplication.php(78): Cake\Http\ActionDispatcher->dispatch(Object(Cake\Http\ServerRequest), Object(Cake\Http\Response))
#16 C:\xampp\htdocs\patri\vendor\cakephp\cakephp\src\Http\Runner.php(65): Cake\Http\BaseApplication->__invoke(Object(Cake\Http\ServerRequest), Object(Cake\Http\Response), Object(Cake\Http\Runner))
#17 C:\xampp\htdocs\patri\vendor\cakephp\cakephp\src\Routing\Middleware\RoutingMiddleware.php(59): Cake\Http\Runner->__invoke(Object(Cake\Http\ServerRequest), Object(Cake\Http\Response))
#18 C:\xampp\htdocs\patri\vendor\cakephp\cakephp\src\Http\Runner.php(65): Cake\Routing\Middleware\RoutingMiddleware->__invoke(Object(Cake\Http\ServerRequest), Object(Cake\Http\Response), Object(Cake\Http\Runner))
#19 C:\xampp\htdocs\patri\vendor\cakephp\cakephp\src\Routing\Middleware\AssetMiddleware.php(88): Cake\Http\Runner->__invoke(Object(Cake\Http\ServerRequest), Object(Cake\Http\Response))
#20 C:\xampp\htdocs\patri\vendor\cakephp\cakephp\src\Http\Runner.php(65): Cake\Routing\Middleware\AssetMiddleware->__invoke(Object(Cake\Http\ServerRequest), Object(Cake\Http\Response), Object(Cake\Http\Runner))
#21 C:\xampp\htdocs\patri\vendor\cakephp\cakephp\src\Error\Middleware\ErrorHandlerMiddleware.php(92): Cake\Http\Runner->__invoke(Object(Cake\Http\ServerRequest), Object(Cake\Http\Response))
#22 C:\xampp\htdocs\patri\vendor\cakephp\cakephp\src\Http\Runner.php(65): Cake\Error\Middleware\ErrorHandlerMiddleware->__invoke(Object(Cake\Http\ServerRequest), Object(Cake\Http\Response), Object(Cake\Http\Runner))
#23 C:\xampp\htdocs\patri\vendor\cakephp\debug_kit\src\Middleware\DebugKitMiddleware.php(52): Cake\Http\Runner->__invoke(Object(Cake\Http\ServerRequest), Object(Cake\Http\Response))
#24 C:\xampp\htdocs\patri\vendor\cakephp\cakephp\src\Http\Runner.php(65): DebugKit\Middleware\DebugKitMiddleware->__invoke(Object(Cake\Http\ServerRequest), Object(Cake\Http\Response), Object(Cake\Http\Runner))
#25 C:\xampp\htdocs\patri\vendor\cakephp\cakephp\src\Http\Runner.php(51): Cake\Http\Runner->__invoke(Object(Cake\Http\ServerRequest), Object(Cake\Http\Response))
#26 C:\xampp\htdocs\patri\vendor\cakephp\cakephp\src\Http\Server.php(80): Cake\Http\Runner->run(Object(Cake\Http\MiddlewareQueue), Object(Cake\Http\ServerRequest), Object(Cake\Http\Response))
#27 C:\xampp\htdocs\patri\webroot\index.php(37): Cake\Http\Server->run()
#28 {main}


2017-07-19 15:19:42 Error: [Cake\Database\Exception] SQLSTATE[42S02]: Base table or view not found: 1146 Table 'symfony.sectors' doesn't exist
Request URL: /iteItems
Stack Trace:
#0 C:\xampp\htdocs\patri\vendor\cakephp\cakephp\src\Database\Schema\Collection.php(97): Cake\Database\Schema\Collection->_reflect('Column', 'sectors', Array, Object(Cake\Database\Schema\TableSchema))
#1 C:\xampp\htdocs\patri\vendor\cakephp\cakephp\src\Database\Schema\CachedCollection.php(63): Cake\Database\Schema\Collection->describe('sectors', Array)
#2 C:\xampp\htdocs\patri\vendor\cakephp\cakephp\src\ORM\Table.php(531): Cake\Database\Schema\CachedCollection->describe('sectors')
#3 C:\xampp\htdocs\patri\vendor\cakephp\cakephp\src\ORM\Table.php(652): Cake\ORM\Table->getSchema()
#4 C:\xampp\htdocs\patri\vendor\cakephp\cakephp\src\ORM\Query.php(414): Cake\ORM\Table->getPrimaryKey()
#5 C:\xampp\htdocs\patri\vendor\cakephp\cakephp\src\ORM\Query.php(391): Cake\ORM\Query->_addAssociationsToTypeMap(Object(App\Model\Table\IteItemsTable), Object(Cake\Database\TypeMap), Array)
#6 C:\xampp\htdocs\patri\vendor\cakephp\cakephp\src\ORM\Query.php(730): Cake\ORM\Query->contain(Array)
#7 C:\xampp\htdocs\patri\vendor\cakephp\cakephp\src\ORM\Table.php(2193): Cake\ORM\Query->applyOptions(Array)
#8 C:\xampp\htdocs\patri\vendor\cakephp\cakephp\src\ORM\Table.php(1174): Cake\ORM\Table->callFinder('all', Object(Cake\ORM\Query), Array)
#9 C:\xampp\htdocs\patri\vendor\cakephp\cakephp\src\Controller\Component\PaginatorComponent.php(185): Cake\ORM\Table->find('all', Array)
#10 C:\xampp\htdocs\patri\vendor\cakephp\cakephp\src\Controller\Controller.php(717): Cake\Controller\Component\PaginatorComponent->paginate(Object(App\Model\Table\IteItemsTable), Array)
#11 C:\xampp\htdocs\patri\src\Controller\IteItemsController.php(26): Cake\Controller\Controller->paginate(Object(App\Model\Table\IteItemsTable))
#12 C:\xampp\htdocs\patri\vendor\cakephp\cakephp\src\Controller\Controller.php(440): App\Controller\IteItemsController->index()
#13 C:\xampp\htdocs\patri\vendor\cakephp\cakephp\src\Http\ActionDispatcher.php(119): Cake\Controller\Controller->invokeAction()
#14 C:\xampp\htdocs\patri\vendor\cakephp\cakephp\src\Http\ActionDispatcher.php(93): Cake\Http\ActionDispatcher->_invoke(Object(App\Controller\IteItemsController))
#15 C:\xampp\htdocs\patri\vendor\cakephp\cakephp\src\Http\BaseApplication.php(78): Cake\Http\ActionDispatcher->dispatch(Object(Cake\Http\ServerRequest), Object(Cake\Http\Response))
#16 C:\xampp\htdocs\patri\vendor\cakephp\cakephp\src\Http\Runner.php(65): Cake\Http\BaseApplication->__invoke(Object(Cake\Http\ServerRequest), Object(Cake\Http\Response), Object(Cake\Http\Runner))
#17 C:\xampp\htdocs\patri\vendor\cakephp\cakephp\src\Routing\Middleware\RoutingMiddleware.php(59): Cake\Http\Runner->__invoke(Object(Cake\Http\ServerRequest), Object(Cake\Http\Response))
#18 C:\xampp\htdocs\patri\vendor\cakephp\cakephp\src\Http\Runner.php(65): Cake\Routing\Middleware\RoutingMiddleware->__invoke(Object(Cake\Http\ServerRequest), Object(Cake\Http\Response), Object(Cake\Http\Runner))
#19 C:\xampp\htdocs\patri\vendor\cakephp\cakephp\src\Routing\Middleware\AssetMiddleware.php(88): Cake\Http\Runner->__invoke(Object(Cake\Http\ServerRequest), Object(Cake\Http\Response))
#20 C:\xampp\htdocs\patri\vendor\cakephp\cakephp\src\Http\Runner.php(65): Cake\Routing\Middleware\AssetMiddleware->__invoke(Object(Cake\Http\ServerRequest), Object(Cake\Http\Response), Object(Cake\Http\Runner))
#21 C:\xampp\htdocs\patri\vendor\cakephp\cakephp\src\Error\Middleware\ErrorHandlerMiddleware.php(92): Cake\Http\Runner->__invoke(Object(Cake\Http\ServerRequest), Object(Cake\Http\Response))
#22 C:\xampp\htdocs\patri\vendor\cakephp\cakephp\src\Http\Runner.php(65): Cake\Error\Middleware\ErrorHandlerMiddleware->__invoke(Object(Cake\Http\ServerRequest), Object(Cake\Http\Response), Object(Cake\Http\Runner))
#23 C:\xampp\htdocs\patri\vendor\cakephp\debug_kit\src\Middleware\DebugKitMiddleware.php(52): Cake\Http\Runner->__invoke(Object(Cake\Http\ServerRequest), Object(Cake\Http\Response))
#24 C:\xampp\htdocs\patri\vendor\cakephp\cakephp\src\Http\Runner.php(65): DebugKit\Middleware\DebugKitMiddleware->__invoke(Object(Cake\Http\ServerRequest), Object(Cake\Http\Response), Object(Cake\Http\Runner))
#25 C:\xampp\htdocs\patri\vendor\cakephp\cakephp\src\Http\Runner.php(51): Cake\Http\Runner->__invoke(Object(Cake\Http\ServerRequest), Object(Cake\Http\Response))
#26 C:\xampp\htdocs\patri\vendor\cakephp\cakephp\src\Http\Server.php(80): Cake\Http\Runner->run(Object(Cake\Http\MiddlewareQueue), Object(Cake\Http\ServerRequest), Object(Cake\Http\Response))
#27 C:\xampp\htdocs\patri\webroot\index.php(37): Cake\Http\Server->run()
#28 {main}


2017-07-19 15:49:13 Error: [RuntimeException] Table "App\Model\Table\IteItemsTable" is not associated with "Files"
Request URL: /ite-items/edit/77
Referer URL: http://localhost:8080/patri/ite-items?page=3
Stack Trace:
#0 C:\xampp\htdocs\patri\src\Controller\IteItemsController.php(99): Cake\ORM\Table->__get('Files')
#1 C:\xampp\htdocs\patri\vendor\cakephp\cakephp\src\Controller\Controller.php(440): App\Controller\IteItemsController->edit('77')
#2 C:\xampp\htdocs\patri\vendor\cakephp\cakephp\src\Http\ActionDispatcher.php(119): Cake\Controller\Controller->invokeAction()
#3 C:\xampp\htdocs\patri\vendor\cakephp\cakephp\src\Http\ActionDispatcher.php(93): Cake\Http\ActionDispatcher->_invoke(Object(App\Controller\IteItemsController))
#4 C:\xampp\htdocs\patri\vendor\cakephp\cakephp\src\Http\BaseApplication.php(78): Cake\Http\ActionDispatcher->dispatch(Object(Cake\Http\ServerRequest), Object(Cake\Http\Response))
#5 C:\xampp\htdocs\patri\vendor\cakephp\cakephp\src\Http\Runner.php(65): Cake\Http\BaseApplication->__invoke(Object(Cake\Http\ServerRequest), Object(Cake\Http\Response), Object(Cake\Http\Runner))
#6 C:\xampp\htdocs\patri\vendor\cakephp\cakephp\src\Routing\Middleware\RoutingMiddleware.php(59): Cake\Http\Runner->__invoke(Object(Cake\Http\ServerRequest), Object(Cake\Http\Response))
#7 C:\xampp\htdocs\patri\vendor\cakephp\cakephp\src\Http\Runner.php(65): Cake\Routing\Middleware\RoutingMiddleware->__invoke(Object(Cake\Http\ServerRequest), Object(Cake\Http\Response), Object(Cake\Http\Runner))
#8 C:\xampp\htdocs\patri\vendor\cakephp\cakephp\src\Routing\Middleware\AssetMiddleware.php(88): Cake\Http\Runner->__invoke(Object(Cake\Http\ServerRequest), Object(Cake\Http\Response))
#9 C:\xampp\htdocs\patri\vendor\cakephp\cakephp\src\Http\Runner.php(65): Cake\Routing\Middleware\AssetMiddleware->__invoke(Object(Cake\Http\ServerRequest), Object(Cake\Http\Response), Object(Cake\Http\Runner))
#10 C:\xampp\htdocs\patri\vendor\cakephp\cakephp\src\Error\Middleware\ErrorHandlerMiddleware.php(92): Cake\Http\Runner->__invoke(Object(Cake\Http\ServerRequest), Object(Cake\Http\Response))
#11 C:\xampp\htdocs\patri\vendor\cakephp\cakephp\src\Http\Runner.php(65): Cake\Error\Middleware\ErrorHandlerMiddleware->__invoke(Object(Cake\Http\ServerRequest), Object(Cake\Http\Response), Object(Cake\Http\Runner))
#12 C:\xampp\htdocs\patri\vendor\cakephp\debug_kit\src\Middleware\DebugKitMiddleware.php(52): Cake\Http\Runner->__invoke(Object(Cake\Http\ServerRequest), Object(Cake\Http\Response))
#13 C:\xampp\htdocs\patri\vendor\cakephp\cakephp\src\Http\Runner.php(65): DebugKit\Middleware\DebugKitMiddleware->__invoke(Object(Cake\Http\ServerRequest), Object(Cake\Http\Response), Object(Cake\Http\Runner))
#14 C:\xampp\htdocs\patri\vendor\cakephp\cakephp\src\Http\Runner.php(51): Cake\Http\Runner->__invoke(Object(Cake\Http\ServerRequest), Object(Cake\Http\Response))
#15 C:\xampp\htdocs\patri\vendor\cakephp\cakephp\src\Http\Server.php(80): Cake\Http\Runner->run(Object(Cake\Http\MiddlewareQueue), Object(Cake\Http\ServerRequest), Object(Cake\Http\Response))
#16 C:\xampp\htdocs\patri\webroot\index.php(37): Cake\Http\Server->run()
#17 {main}


